[debug] [2025-02-25T18:42:32.671Z] ----------------------------------------------------------------------
[debug] [2025-02-25T18:42:32.674Z] Command:       /Users/x-vince/.nvm/versions/node/v22.12.0/bin/node /Users/x-vince/.nvm/versions/node/v22.12.0/bin/firebase deploy
[debug] [2025-02-25T18:42:32.674Z] CLI Version:   13.30.0
[debug] [2025-02-25T18:42:32.674Z] Platform:      darwin
[debug] [2025-02-25T18:42:32.674Z] Node Version:  v22.12.0
[debug] [2025-02-25T18:42:32.675Z] Time:          Tue Feb 25 2025 13:42:32 GMT-0500 (Peru Standard Time)
[debug] [2025-02-25T18:42:32.675Z] ----------------------------------------------------------------------
[debug] 
[debug] [2025-02-25T18:42:32.802Z] > command requires scopes: ["email","openid","https://www.googleapis.com/auth/cloudplatformprojects.readonly","https://www.googleapis.com/auth/firebase","https://www.googleapis.com/auth/cloud-platform"]
[debug] [2025-02-25T18:42:32.802Z] > authorizing via signed-in user (rvin.rdgz@gmail.com)
[debug] [2025-02-25T18:42:32.802Z] [iam] checking project vluedotweb for permissions ["firebase.projects.get","firebasehosting.sites.update"]
[debug] [2025-02-25T18:42:32.803Z] Checked if tokens are valid: false, expires at: 1740506171175
[debug] [2025-02-25T18:42:32.803Z] Checked if tokens are valid: false, expires at: 1740506171175
[debug] [2025-02-25T18:42:32.803Z] > refreshing access token with scopes: []
[debug] [2025-02-25T18:42:32.804Z] >>> [apiv2][query] POST https://www.googleapis.com/oauth2/v3/token [none]
[debug] [2025-02-25T18:42:32.804Z] >>> [apiv2][body] POST https://www.googleapis.com/oauth2/v3/token [omitted]
[debug] [2025-02-25T18:42:33.295Z] <<< [apiv2][status] POST https://www.googleapis.com/oauth2/v3/token 200
[debug] [2025-02-25T18:42:33.295Z] <<< [apiv2][body] POST https://www.googleapis.com/oauth2/v3/token [omitted]
[debug] [2025-02-25T18:42:33.307Z] >>> [apiv2][query] POST https://cloudresourcemanager.googleapis.com/v1/projects/vluedotweb:testIamPermissions [none]
[debug] [2025-02-25T18:42:33.307Z] >>> [apiv2][(partial)header] POST https://cloudresourcemanager.googleapis.com/v1/projects/vluedotweb:testIamPermissions x-goog-quota-user=projects/vluedotweb
[debug] [2025-02-25T18:42:33.307Z] >>> [apiv2][body] POST https://cloudresourcemanager.googleapis.com/v1/projects/vluedotweb:testIamPermissions {"permissions":["firebase.projects.get","firebasehosting.sites.update"]}
[debug] [2025-02-25T18:42:34.444Z] <<< [apiv2][status] POST https://cloudresourcemanager.googleapis.com/v1/projects/vluedotweb:testIamPermissions 200
[debug] [2025-02-25T18:42:34.444Z] <<< [apiv2][body] POST https://cloudresourcemanager.googleapis.com/v1/projects/vluedotweb:testIamPermissions {"permissions":["firebase.projects.get","firebasehosting.sites.update"]}
[debug] [2025-02-25T18:42:34.445Z] Checked if tokens are valid: true, expires at: 1740512552295
[debug] [2025-02-25T18:42:34.446Z] Checked if tokens are valid: true, expires at: 1740512552295
[debug] [2025-02-25T18:42:34.446Z] >>> [apiv2][query] GET https://firebase.googleapis.com/v1beta1/projects/vluedotweb [none]
[debug] [2025-02-25T18:42:35.083Z] <<< [apiv2][status] GET https://firebase.googleapis.com/v1beta1/projects/vluedotweb 200
[debug] [2025-02-25T18:42:35.083Z] <<< [apiv2][body] GET https://firebase.googleapis.com/v1beta1/projects/vluedotweb {"projectId":"vluedotweb","projectNumber":"946970199837","displayName":"VluedotWeb","name":"projects/vluedotweb","resources":{"hostingSite":"vluedotweb"},"state":"ACTIVE","etag":"1_e8b345ea-1b74-449c-8ed4-031a816626d0"}
[info] 
[info] === Deploying to 'vluedotweb'...
[info] 
[info] i  deploying hosting 
[debug] [2025-02-25T18:42:35.088Z] Checked if tokens are valid: true, expires at: 1740512552295
[debug] [2025-02-25T18:42:35.088Z] Checked if tokens are valid: true, expires at: 1740512552295
[debug] [2025-02-25T18:42:35.088Z] >>> [apiv2][query] POST https://firebasehosting.googleapis.com/v1beta1/projects/-/sites/vluedotweb/versions [none]
[debug] [2025-02-25T18:42:35.088Z] >>> [apiv2][body] POST https://firebasehosting.googleapis.com/v1beta1/projects/-/sites/vluedotweb/versions {"status":"CREATED","labels":{"deployment-tool":"cli-firebase"}}
[debug] [2025-02-25T18:42:36.618Z] <<< [apiv2][status] POST https://firebasehosting.googleapis.com/v1beta1/projects/-/sites/vluedotweb/versions 200
[debug] [2025-02-25T18:42:36.618Z] <<< [apiv2][body] POST https://firebasehosting.googleapis.com/v1beta1/projects/-/sites/vluedotweb/versions {"name":"projects/946970199837/sites/vluedotweb/versions/9e918a726da9ec9b","status":"CREATED","config":{},"labels":{"deployment-tool":"cli-firebase"}}
[info] i  hosting[vluedotweb]: beginning deploy... 
[info] i  hosting[vluedotweb]: found 60 files in dist/vluedot_web/browser 
[debug] [2025-02-25T18:42:36.643Z] [hosting] uploading with 200 concurrency
[debug] [2025-02-25T18:42:36.731Z] Checked if tokens are valid: true, expires at: 1740512552295
[debug] [2025-02-25T18:42:36.731Z] Checked if tokens are valid: true, expires at: 1740512552295
[debug] [2025-02-25T18:42:36.733Z] [hosting] hash cache [ZGlzdC92bHVlZG90X3dlYi9icm93c2Vy] stored for 60 files
[debug] [2025-02-25T18:42:36.733Z] [hosting][hash queue][FINAL] {"max":77,"min":17,"avg":31.500000000000004,"active":0,"complete":60,"success":60,"errored":0,"retried":0,"total":60,"elapsed":87}
[debug] [2025-02-25T18:42:36.734Z] >>> [apiv2][query] POST https://firebasehosting.googleapis.com/v1beta1/projects/946970199837/sites/vluedotweb/versions/9e918a726da9ec9b:populateFiles [none]
[debug] [2025-02-25T18:42:36.734Z] >>> [apiv2][body] POST https://firebasehosting.googleapis.com/v1beta1/projects/946970199837/sites/vluedotweb/versions/9e918a726da9ec9b:populateFiles {"files":{"/es/index.csr.html":"be4ed80bd199a4e146beada4f1bc9ec14ffdcb48d65f9587a67bd66a12785b35","/es/favicon.ico":"b6a02539a0f432f0ece179cd3791fb91f5b459622eb99623dd426b77401c35a6","/es/polyfills-HYWV5JWQ.js":"64ae38a4820b3d3e388d659b5edd01c210ae5b993694f296926290cb285a5a71","/es/index.html":"aa89104c249cb4583f97b7abf965347086d7f195e76ceeb0ca8ba2152df59c9a","/es/vlueio/polyfills-HYWV5JWQ.js":"64ae38a4820b3d3e388d659b5edd01c210ae5b993694f296926290cb285a5a71","/es/vlueio/index.html":"b1d82fdc3a0aa2b1aa41ab82f18c8a74090ba25e4a3f9a3857a57d667519ab9f","/es/veep/index.html":"f774bab29a70c2aa16591c8b653dd98ab94536dce61418f248391d1b70d4b4a0","/es/veep/polyfills-HYWV5JWQ.js":"64ae38a4820b3d3e388d659b5edd01c210ae5b993694f296926290cb285a5a71","/es/test/index.html":"12648d6951b6f6d68ff9ae9a4c386ee33a149609725d1cca6c774acd3f50196f","/es/media/slick-MU5EZO5G.woff":"891e7d8945f331073201c7d1fe9445433be3e892f17e89edc6c2aa18de017f59","/es/tarius/polyfills-HYWV5JWQ.js":"64ae38a4820b3d3e388d659b5edd01c210ae5b993694f296926290cb285a5a71","/es/media/slick-EVLS6IWX.eot":"7f110dff2a1cec1329987d5a5ea3ac01518e727c8506a47d008a99e765d7b406","/es/media/slick-NKQ64RRA.ttf":"51a92c54f7cd65aa9e991824576942cb2fd470dca72288ca94b809fac89245dc","/es/media/ajax-loader-BOAPMZMT.gif":"6214f12be224d76227796984c1d15baed1c5d62e3b71972641529277a381be2b","/es/media/slick-7CK47X3J.svg":"c852456595877b10620318fdfb10a4bb64138520765d608cf3bc32f050f2851c","/es/tarius/index.html":"aec28ed549415f3b809b774b297635e28760db6b0ea9f2822914938026eee4d3","/en/index.csr.html":"3e97f9dc76edfb8c79a7f5f3f98fc3cbfa4722256c1cd0194700a96dcd501f9b","/en/favicon.ico":"b6a02539a0f432f0ece179cd3791fb91f5b459622eb99623dd426b77401c35a6","/en/index.html":"1f5f3a83ca3664d14b495e62a89896a2722513f5f577e356883e5fd2ddf3fc9e","/en/polyfills-HYWV5JWQ.js":"3bb23adae0a32f3c661a140bb488e4361e34d0eaae98fb0e1b77b515b0e0a6f9","/en/vlueio/index.html":"735511edadd9e84c38a745fa8adb22effd5e66393bd83d26504007f01a3b9192","/en/vlueio/polyfills-HYWV5JWQ.js":"3bb23adae0a32f3c661a140bb488e4361e34d0eaae98fb0e1b77b515b0e0a6f9","/en/veep/polyfills-HYWV5JWQ.js":"3bb23adae0a32f3c661a140bb488e4361e34d0eaae98fb0e1b77b515b0e0a6f9","/en/veep/index.html":"1dea96bf5e99db62456aeec1fa90121dcf870e8f9517c80184fefeed0004422f","/en/test/index.html":"83ba77dc8da311aab8bf899f5a8fe152f2fdcc124839a14503c1a1c019c2d807","/es/scripts-CWJO5AXB.js":"cefa7465e568d1784d20bf449ea7cb756d7511d0fc5b2d379ebfee3f3a005e75","/es/vlueio/scripts-CWJO5AXB.js":"cefa7465e568d1784d20bf449ea7cb756d7511d0fc5b2d379ebfee3f3a005e75","/es/veep/scripts-CWJO5AXB.js":"cefa7465e568d1784d20bf449ea7cb756d7511d0fc5b2d379ebfee3f3a005e75","/es/tarius/scripts-CWJO5AXB.js":"cefa7465e568d1784d20bf449ea7cb756d7511d0fc5b2d379ebfee3f3a005e75","/en/scripts-CWJO5AXB.js":"cefa7465e568d1784d20bf449ea7cb756d7511d0fc5b2d379ebfee3f3a005e75","/en/vlueio/scripts-CWJO5AXB.js":"cefa7465e568d1784d20bf449ea7cb756d7511d0fc5b2d379ebfee3f3a005e75","/en/veep/scripts-CWJO5AXB.js":"cefa7465e568d1784d20bf449ea7cb756d7511d0fc5b2d379ebfee3f3a005e75","/en/media/slick-NKQ64RRA.ttf":"51a92c54f7cd65aa9e991824576942cb2fd470dca72288ca94b809fac89245dc","/en/tarius/polyfills-HYWV5JWQ.js":"3bb23adae0a32f3c661a140bb488e4361e34d0eaae98fb0e1b77b515b0e0a6f9","/en/tarius/index.html":"34ce6c2f5455dd47094e6d53ca13b8efb6b660ac3db006164e2f7e505c05e261","/en/media/slick-MU5EZO5G.woff":"891e7d8945f331073201c7d1fe9445433be3e892f17e89edc6c2aa18de017f59","/en/media/slick-EVLS6IWX.eot":"7f110dff2a1cec1329987d5a5ea3ac01518e727c8506a47d008a99e765d7b406","/en/media/slick-7CK47X3J.svg":"c852456595877b10620318fdfb10a4bb64138520765d608cf3bc32f050f2851c","/en/media/ajax-loader-BOAPMZMT.gif":"6214f12be224d76227796984c1d15baed1c5d62e3b71972641529277a381be2b","/en/tarius/scripts-CWJO5AXB.js":"cefa7465e568d1784d20bf449ea7cb756d7511d0fc5b2d379ebfee3f3a005e75","/es/styles-SKJVHP7Z.css":"55d4ca5e54637562fd059674761dbc52a44871651f11a3b7ddf8a8b11a74406d","/es/vlueio/styles-SKJVHP7Z.css":"2746171f9d186ee700dc5a3ed093730d19d019d790c79a007224e1b03ba59e1f","/es/veep/styles-SKJVHP7Z.css":"2746171f9d186ee700dc5a3ed093730d19d019d790c79a007224e1b03ba59e1f","/es/tarius/styles-SKJVHP7Z.css":"2746171f9d186ee700dc5a3ed093730d19d019d790c79a007224e1b03ba59e1f","/en/vlueio/styles-SKJVHP7Z.css":"2746171f9d186ee700dc5a3ed093730d19d019d790c79a007224e1b03ba59e1f","/en/styles-SKJVHP7Z.css":"55d4ca5e54637562fd059674761dbc52a44871651f11a3b7ddf8a8b11a74406d","/en/veep/styles-SKJVHP7Z.css":"2746171f9d186ee700dc5a3ed093730d19d019d790c79a007224e1b03ba59e1f","/en/tarius/styles-SKJVHP7Z.css":"2746171f9d186ee700dc5a3ed093730d19d019d790c79a007224e1b03ba59e1f","/es/main-KUQK7POR.js":"05a02f42137186da90fc9c1516efd4fd47b25ec4c5c5c9ca0d25e74bf9a362f2","/es/vlueio/main-KUQK7POR.js":"05a02f42137186da90fc9c1516efd4fd47b25ec4c5c5c9ca0d25e74bf9a362f2","/es/veep/main-KUQK7POR.js":"05a02f42137186da90fc9c1516efd4fd47b25ec4c5c5c9ca0d25e74bf9a362f2","/es/tarius/main-KUQK7POR.js":"05a02f42137186da90fc9c1516efd4fd47b25ec4c5c5c9ca0d25e74bf9a362f2","/en/main-KUQK7POR.js":"6154d7cad4cc4a12e92fd5c841cf10ac81ac2794bd1063b155f619af20ecbdd3","/en/vlueio/main-KUQK7POR.js":"6154d7cad4cc4a12e92fd5c841cf10ac81ac2794bd1063b155f619af20ecbdd3","/en/veep/main-KUQK7POR.js":"6154d7cad4cc4a12e92fd5c841cf10ac81ac2794bd1063b155f619af20ecbdd3","/en/tarius/main-KUQK7POR.js":"6154d7cad4cc4a12e92fd5c841cf10ac81ac2794bd1063b155f619af20ecbdd3","/es/media/SF-Pro-Text-Regular-CDTVJCHW.ttf":"09d1aa4f18ca285a975bc3b89f92f31138b4bd1f8ad0bdbd5330b382631639f5","/es/media/SF-Pro-Display-Regular-IUD3IMWD.ttf":"86a6b88ab3c780bb47cec65f520a8eede3957448e5faf1d32703f01099f01394","/en/media/SF-Pro-Display-Regular-IUD3IMWD.ttf":"86a6b88ab3c780bb47cec65f520a8eede3957448e5faf1d32703f01099f01394","/en/media/SF-Pro-Text-Regular-CDTVJCHW.ttf":"09d1aa4f18ca285a975bc3b89f92f31138b4bd1f8ad0bdbd5330b382631639f5"}}
